<?xml version="1.0" encoding="UTF-8"?>
<!-- Generated by org.testng.reporters.JUnitReportReporter -->
<testsuite hostname="Roni" failures="0" tests="2" name="scripts.homepage_scenarios.OpenHomepage" time="35.734" errors="0" timestamp="2024-05-16T15:43:10 IST" skipped="0">
  <testcase classname="scripts.homepage_scenarios.OpenHomepage" name="openhomepage" time="11.023"/>
  <system-out>
    <![CDATA[Biokart India Pvt Ltd – Bringing Biotech Closer!
Title is matchin Test case passed.]]>
  </system-out>
  <testcase classname="scripts.homepage_scenarios.OpenHomepage" name="clickservicelink" time="24.711"/>
  <system-out>
    <![CDATA[Title not matching]]>
  </system-out>
</testsuite> <!-- scripts.homepage_scenarios.OpenHomepage -->
