<?xml version="1.0" encoding="UTF-8"?>
<!-- Generated by org.testng.reporters.JUnitReportReporter -->
<testsuite hostname="Roni" failures="0" tests="1" name="homepage_scenarios.OpenHomepage" time="12.974" errors="0" timestamp="2024-05-16T13:28:16 IST" skipped="0">
  <testcase classname="homepage_scenarios.OpenHomepage" name="openhomepage" time="12.974"/>
  <system-out>
    <![CDATA[Biokart India Pvt Ltd – Bringing Biotech Closer!
Title not matching]]>
  </system-out>
</testsuite> <!-- homepage_scenarios.OpenHomepage -->
