<?xml version="1.0" encoding="UTF-8"?>
<testng-results ignored="0" total="2" passed="2" failed="0" skipped="0">
  <reporter-output>
    <line>
      <![CDATA[Biokart India Pvt Ltd – Bringing Biotech Closer!]]>
    </line>
    <line>
      <![CDATA[Title is matchin Test case passed.]]>
    </line>
    <line>
      <![CDATA[Title not matching]]>
    </line>
  </reporter-output>
  <suite started-at="2024-05-16T15:42:34 IST" name="Default suite" finished-at="2024-05-16T15:43:10 IST" duration-ms="35873">
    <groups>
    </groups>
    <test started-at="2024-05-16T15:42:34 IST" name="Default test" finished-at="2024-05-16T15:43:10 IST" duration-ms="35873">
      <class name="scripts.homepage_scenarios.OpenHomepage">
        <test-method is-config="true" signature="openApplication()[pri:0, instance:scripts.homepage_scenarios.OpenHomepage@5fdcaa40]" started-at="2024-05-16T15:42:34 IST" name="openApplication" finished-at="2024-05-16T15:42:44 IST" duration-ms="10111" status="PASS">
          <reporter-output>
          </reporter-output>
        </test-method> <!-- openApplication -->
        <test-method signature="openhomepage()[pri:1, instance:scripts.homepage_scenarios.OpenHomepage@5fdcaa40]" started-at="2024-05-16T15:42:44 IST" name="openhomepage" finished-at="2024-05-16T15:42:47 IST" duration-ms="3363" status="PASS">
          <reporter-output>
            <line>
              <![CDATA[Biokart India Pvt Ltd – Bringing Biotech Closer!]]>
            </line>
            <line>
              <![CDATA[Title is matchin Test case passed.]]>
            </line>
          </reporter-output>
        </test-method> <!-- openhomepage -->
        <test-method is-config="true" signature="closeApplication()[pri:0, instance:scripts.homepage_scenarios.OpenHomepage@5fdcaa40]" started-at="2024-05-16T15:42:47 IST" name="closeApplication" finished-at="2024-05-16T15:42:49 IST" duration-ms="1762" status="PASS">
          <reporter-output>
          </reporter-output>
        </test-method> <!-- closeApplication -->
        <test-method is-config="true" signature="openApplication()[pri:0, instance:scripts.homepage_scenarios.OpenHomepage@5fdcaa40]" started-at="2024-05-16T15:42:49 IST" name="openApplication" finished-at="2024-05-16T15:42:56 IST" duration-ms="7275" status="PASS">
          <reporter-output>
          </reporter-output>
        </test-method> <!-- openApplication -->
        <test-method signature="clickservicelink()[pri:2, instance:scripts.homepage_scenarios.OpenHomepage@5fdcaa40]" started-at="2024-05-16T15:42:56 IST" name="clickservicelink" finished-at="2024-05-16T15:43:09 IST" duration-ms="12838" status="PASS">
          <reporter-output>
            <line>
              <![CDATA[Title not matching]]>
            </line>
          </reporter-output>
        </test-method> <!-- clickservicelink -->
        <test-method is-config="true" signature="closeApplication()[pri:0, instance:scripts.homepage_scenarios.OpenHomepage@5fdcaa40]" started-at="2024-05-16T15:43:09 IST" name="closeApplication" finished-at="2024-05-16T15:43:10 IST" duration-ms="385" status="PASS">
          <reporter-output>
          </reporter-output>
        </test-method> <!-- closeApplication -->
      </class> <!-- scripts.homepage_scenarios.OpenHomepage -->
    </test> <!-- Default test -->
  </suite> <!-- Default suite -->
</testng-results>
